<?xml version="1.0" encoding="UTF-8"?>
<testsuite name="ETL with AWS Glue" tests="1" skipped="0" failures="1" errors="0" timestamp="2023-05-12T15:24:58" hostname="SEBAS" time="2.417">
  <properties/>
  <testcase name="Transform data with glue and load it to S3" classname="ETL with AWS Glue" time="2.417">
    <failure message="io.cucumber.junit.UndefinedStepException: The step 'I should see the file in the S3 Bucket' is undefined.&#10;You can implement this step using the snippet(s) below:&#10;&#10;@Then(&quot;I should see the file in the S3 Bucket&quot;)&#10;public void iShouldSeeTheFileInTheS3Bucket() {&#10;    // Write code here that turns the phrase above into concrete actions&#10;    throw new io.cucumber.java.PendingException();&#10;}&#10;" type="io.cucumber.junit.UndefinedStepException">io.cucumber.junit.UndefinedStepException: The step 'I should see the file in the S3 Bucket' is undefined.
You can implement this step using the snippet(s) below:

@Then(&quot;I should see the file in the S3 Bucket&quot;)
public void iShouldSeeTheFileInTheS3Bucket() {
    // Write code here that turns the phrase above into concrete actions
    throw new io.cucumber.java.PendingException();
}

</failure>
  </testcase>
  <system-out><![CDATA[The request ID of the job is 9d850e6b-c301-4f20-8b28-d62f382567a3
]]></system-out>
  <system-err><![CDATA[[Test worker] INFO io.cucumber.core.plugin.SerenityReporter - Running feature from file:///C:/Users/Sebas/Documents/Banco/PruebasGlue/GlueTest/src/test/resources/features/glue_etl.feature
[Test worker] INFO  - 
  _____   ___   ___   _____     ___   _____     _     ___   _____   ___   ___  
 |_   _| | __| / __| |_   _|   / __| |_   _|   /_\   | _ \ |_   _| | __| |   \ 
   | |   | _|  \__ \   | |     \__ \   | |    / _ \  |   /   | |   | _|  | |) |
   |_|   |___| |___/   |_|     |___/   |_|   /_/ \_\ |_|_\   |_|   |___| |___/ 

Transform data with glue and load it to S3(etl-with-aws-glue;transform-data-with-glue-and-load-it-to-s3)
--------------------------------------------------------------------------------
may 12, 2023 10:24:59 AM folder.stepdefinitions.GlueTestStepDefinitions iRunTheAwsGlueCrawler
INFORMACIÓN: -----------> STEP 1: RUN THE AWS GLUE CRAWLER
may 12, 2023 10:24:59 AM org.example.utils.aws.GlueExecutor startCrawler
INFORMACIÓN: ----> Starting crawler: [tutorialCrawler]
may 12, 2023 10:25:00 AM folder.stepdefinitions.GlueTestStepDefinitions iRunTheAwsGlueJob
INFORMACIÓN: --------> STEP 2: RUNNING THE AWS GLUE JOB
[Test worker] INFO  - 
  _____   ___   ___   _____     ___   ___   _  _   ___    ___   _  _    ___ 
 |_   _| | __| / __| |_   _|   | _ \ | __| | \| | |   \  |_ _| | \| |  / __|
   | |   | _|  \__ \   | |     |  _/ | _|  | .` | | |) |  | |  | .` | | (_ |
   |_|   |___| |___/   |_|     |_|   |___| |_|\_| |___/  |___| |_|\_|  \___|

Transform data with glue and load it to S3
-----------------------------------------------------------------------------
]]></system-err>
</testsuite>
